<?xml version="1.0" encoding="UTF-8"?>
<!-- Generated by org.testng.reporters.JUnitXMLReporter -->
<testsuite ignored="13" hostname="CHNMCT403078L" failures="0" tests="1" name="Default test" time="16.104" errors="0" timestamp="2025-01-30T19:04:40 IST">
  <testcase classname="Assignments.Sele_Basic_Assign_1" name="T2_radioButtonSelection" time="1.412"/>
  <testcase classname="Assignments.Sele_Basic_Assign_1" name="T4_dropdownSelection" time="0.0">
    <ignored/>
  </testcase> <!-- T4_dropdownSelection -->
  <testcase classname="Assignments.Sele_Basic_Assign_1" name="T10_checkboxDeselection" time="0.0">
    <ignored/>
  </testcase> <!-- T10_checkboxDeselection -->
  <testcase classname="Assignments.Sele_Basic_Assign_1" name="T1_WebPageTitle" time="0.0">
    <ignored/>
  </testcase> <!-- T1_WebPageTitle -->
  <testcase classname="Assignments.Sele_Basic_Assign_1" name="T13_iframeHandling" time="0.0">
    <ignored/>
  </testcase> <!-- T13_iframeHandling -->
  <testcase classname="Assignments.Sele_Basic_Assign_1" name="T9_switchAlertDismiss" time="0.0">
    <ignored/>
  </testcase> <!-- T9_switchAlertDismiss -->
  <testcase classname="Assignments.Sele_Basic_Assign_1" name="T3_suggestionClassTest" time="0.0">
    <ignored/>
  </testcase> <!-- T3_suggestionClassTest -->
  <testcase classname="Assignments.Sele_Basic_Assign_1" name="T12_mouseOverAction" time="0.0">
    <ignored/>
  </testcase> <!-- T12_mouseOverAction -->
  <testcase classname="Assignments.Sele_Basic_Assign_1" name="T6_switchWindow" time="0.0">
    <ignored/>
  </testcase> <!-- T6_switchWindow -->
  <testcase classname="Assignments.Sele_Basic_Assign_1" name="T11_dropdownVerification" time="0.0">
    <ignored/>
  </testcase> <!-- T11_dropdownVerification -->
  <testcase classname="Assignments.Sele_Basic_Assign_1" name="T5_checkboxSelection" time="0.0">
    <ignored/>
  </testcase> <!-- T5_checkboxSelection -->
  <testcase classname="Assignments.Sele_Basic_Assign_1" name="T8_switchAlertAccept" time="0.0">
    <ignored/>
  </testcase> <!-- T8_switchAlertAccept -->
  <testcase classname="Assignments.Sele_Basic_Assign_1" name="T14_webTableFixedHeader" time="0.0">
    <ignored/>
  </testcase> <!-- T14_webTableFixedHeader -->
  <testcase classname="Assignments.Sele_Basic_Assign_1" name="T7_switchTab" time="0.0">
    <ignored/>
  </testcase> <!-- T7_switchTab -->
</testsuite> <!-- Default test -->
