<?xml version="1.0" encoding="UTF-8"?>
<testng-results ignored="0" total="1" passed="1" failed="0" skipped="0">
  <reporter-output>
  </reporter-output>
  <suite started-at="2025-01-30T19:04:24 IST" name="Default suite" finished-at="2025-01-30T19:04:40 IST" duration-ms="16104">
    <groups>
    </groups>
    <test started-at="2025-01-30T19:04:24 IST" name="Default test" finished-at="2025-01-30T19:04:40 IST" duration-ms="16104">
      <class name="Assignments.Sele_Basic_Assign_1">
        <test-method is-config="true" signature="getBrowser()[pri:0, instance:Assignments.Sele_Basic_Assign_1@517d4a0d]" started-at="2025-01-30T19:04:24 IST" name="getBrowser" finished-at="2025-01-30T19:04:29 IST" duration-ms="5018" status="PASS">
          <reporter-output>
          </reporter-output>
        </test-method> <!-- getBrowser -->
        <test-method is-config="true" signature="setupClass()[pri:0, instance:Assignments.Sele_Basic_Assign_1@517d4a0d]" started-at="2025-01-30T19:04:29 IST" name="setupClass" finished-at="2025-01-30T19:04:36 IST" duration-ms="7230" status="PASS">
          <reporter-output>
          </reporter-output>
        </test-method> <!-- setupClass -->
        <test-method signature="T2_radioButtonSelection()[pri:2, instance:Assignments.Sele_Basic_Assign_1@517d4a0d]" started-at="2025-01-30T19:04:36 IST" name="T2_radioButtonSelection" finished-at="2025-01-30T19:04:37 IST" duration-ms="1412" status="PASS">
          <reporter-output>
          </reporter-output>
        </test-method> <!-- T2_radioButtonSelection -->
        <test-method is-config="true" signature="tearDownMethod()[pri:0, instance:Assignments.Sele_Basic_Assign_1@517d4a0d]" started-at="2025-01-30T19:04:37 IST" name="tearDownMethod" finished-at="2025-01-30T19:04:37 IST" duration-ms="2" status="PASS">
          <reporter-output>
          </reporter-output>
        </test-method> <!-- tearDownMethod -->
        <test-method is-config="true" signature="tearDown()[pri:0, instance:Assignments.Sele_Basic_Assign_1@517d4a0d]" started-at="2025-01-30T19:04:37 IST" name="tearDown" finished-at="2025-01-30T19:04:40 IST" duration-ms="2325" status="PASS">
          <reporter-output>
          </reporter-output>
        </test-method> <!-- tearDown -->
      </class> <!-- Assignments.Sele_Basic_Assign_1 -->
    </test> <!-- Default test -->
  </suite> <!-- Default suite -->
</testng-results>
